TN:
SF:c:\nodeapps\node_microsrv\searchcontact.js
FN:2,(anonymous_0)
FN:2,(anonymous_1)
FN:2,(anonymous_2)
FN:2,(anonymous_3)
FN:2,(anonymous_4)
FN:2,(anonymous_5)
FN:2,(anonymous_6)
FN:2,(anonymous_7)
FN:2,(anonymous_8)
FN:4,(anonymous_9)
FN:4,(anonymous_10)
FN:4,(anonymous_11)
FN:4,(anonymous_12)
FN:6,(anonymous_13)
FN:12,(anonymous_14)
FN:12,(anonymous_15)
FN:14,(anonymous_16)
FN:15,(anonymous_17)
FN:17,(anonymous_18)
FN:18,(anonymous_19)
FN:18,(anonymous_20)
FN:19,(anonymous_21)
FN:19,(anonymous_22)
FN:20,(anonymous_23)
FN:21,(anonymous_24)
FN:22,(anonymous_25)
FN:23,(anonymous_26)
FN:24,(anonymous_27)
FN:25,(anonymous_28)
FN:26,(anonymous_29)
FN:27,(anonymous_30)
FN:28,(anonymous_31)
FN:30,getScript
FN:30,(anonymous_33)
FN:32,onJQueryLoaded
FN:33,(anonymous_35)
FN:33,(anonymous_36)
FN:35,(anonymous_37)
FN:35,(anonymous_38)
FN:39,(anonymous_39)
FN:41,(anonymous_40)
FN:48,(anonymous_41)
FN:53,(anonymous_42)
FNF:43
FNH:0
FNDA:0,(anonymous_0)
FNDA:0,(anonymous_1)
FNDA:0,(anonymous_2)
FNDA:0,(anonymous_3)
FNDA:0,(anonymous_4)
FNDA:0,(anonymous_5)
FNDA:0,(anonymous_6)
FNDA:0,(anonymous_7)
FNDA:0,(anonymous_8)
FNDA:0,(anonymous_9)
FNDA:0,(anonymous_10)
FNDA:0,(anonymous_11)
FNDA:0,(anonymous_12)
FNDA:0,(anonymous_13)
FNDA:0,(anonymous_14)
FNDA:0,(anonymous_15)
FNDA:0,(anonymous_16)
FNDA:0,(anonymous_17)
FNDA:0,(anonymous_18)
FNDA:0,(anonymous_19)
FNDA:0,(anonymous_20)
FNDA:0,(anonymous_21)
FNDA:0,(anonymous_22)
FNDA:0,(anonymous_23)
FNDA:0,(anonymous_24)
FNDA:0,(anonymous_25)
FNDA:0,(anonymous_26)
FNDA:0,(anonymous_27)
FNDA:0,(anonymous_28)
FNDA:0,(anonymous_29)
FNDA:0,(anonymous_30)
FNDA:0,(anonymous_31)
FNDA:0,getScript
FNDA:0,(anonymous_33)
FNDA:0,onJQueryLoaded
FNDA:0,(anonymous_35)
FNDA:0,(anonymous_36)
FNDA:0,(anonymous_37)
FNDA:0,(anonymous_38)
FNDA:0,(anonymous_39)
FNDA:0,(anonymous_40)
FNDA:0,(anonymous_41)
FNDA:0,(anonymous_42)
DA:2,0
DA:3,0
DA:4,0
DA:5,0
DA:6,0
DA:7,0
DA:8,0
DA:9,0
DA:10,0
DA:11,0
DA:12,0
DA:13,0
DA:14,0
DA:15,0
DA:16,0
DA:17,0
DA:18,0
DA:19,0
DA:20,0
DA:21,0
DA:22,0
DA:23,0
DA:24,0
DA:25,0
DA:26,0
DA:27,0
DA:28,0
DA:29,0
DA:30,0
DA:31,0
DA:32,0
DA:33,0
DA:34,0
DA:35,0
DA:36,0
DA:37,0
DA:38,0
DA:39,0
DA:40,0
DA:41,0
DA:42,0
DA:45,0
DA:48,0
DA:50,0
DA:55,0
DA:60,0
LF:46
LH:0
BRDA:2,0,0,0
BRDA:2,0,1,0
BRDA:2,1,0,0
BRDA:2,1,1,0
BRDA:2,2,0,0
BRDA:2,2,1,0
BRDA:2,3,0,0
BRDA:2,3,1,0
BRDA:4,4,0,0
BRDA:4,4,1,0
BRDA:4,5,0,0
BRDA:4,5,1,0
BRDA:4,6,0,0
BRDA:4,6,1,0
BRDA:4,7,0,0
BRDA:4,7,1,0
BRDA:4,8,0,0
BRDA:4,8,1,0
BRDA:5,9,0,0
BRDA:5,9,1,0
BRDA:6,10,0,0
BRDA:6,10,1,0
BRDA:6,11,0,0
BRDA:6,11,1,0
BRDA:6,12,0,0
BRDA:6,12,1,0
BRDA:7,13,0,0
BRDA:7,13,1,0
BRDA:7,14,0,0
BRDA:7,14,1,0
BRDA:8,15,0,0
BRDA:8,15,1,0
BRDA:9,16,0,0
BRDA:9,16,1,0
BRDA:9,17,0,0
BRDA:9,17,1,0
BRDA:10,18,0,0
BRDA:10,18,1,0
BRDA:10,19,0,0
BRDA:10,19,1,0
BRDA:11,20,0,0
BRDA:11,20,1,0
BRDA:12,21,0,0
BRDA:12,21,1,0
BRDA:12,22,0,0
BRDA:12,22,1,0
BRDA:12,23,0,0
BRDA:12,23,1,0
BRDA:12,24,0,0
BRDA:12,24,1,0
BRDA:12,25,0,0
BRDA:12,25,1,0
BRDA:12,26,0,0
BRDA:12,26,1,0
BRDA:12,27,0,0
BRDA:12,27,1,0
BRDA:12,28,0,0
BRDA:12,28,1,0
BRDA:12,29,0,0
BRDA:12,29,1,0
BRDA:12,30,0,0
BRDA:12,30,1,0
BRDA:12,31,0,0
BRDA:12,31,1,0
BRDA:12,32,0,0
BRDA:12,32,1,0
BRDA:12,33,0,0
BRDA:12,33,1,0
BRDA:13,34,0,0
BRDA:13,34,1,0
BRDA:13,35,0,0
BRDA:13,35,1,0
BRDA:13,36,0,0
BRDA:13,36,1,0
BRDA:14,37,0,0
BRDA:14,37,1,0
BRDA:14,38,0,0
BRDA:14,38,1,0
BRDA:15,39,0,0
BRDA:15,39,1,0
BRDA:15,40,0,0
BRDA:15,40,1,0
BRDA:16,41,0,0
BRDA:16,41,1,0
BRDA:16,42,0,0
BRDA:16,42,1,0
BRDA:17,43,0,0
BRDA:17,43,1,0
BRDA:17,44,0,0
BRDA:17,44,1,0
BRDA:18,45,0,0
BRDA:18,45,1,0
BRDA:18,46,0,0
BRDA:18,46,1,0
BRDA:19,47,0,0
BRDA:19,47,1,0
BRDA:19,48,0,0
BRDA:19,48,1,0
BRDA:19,48,2,0
BRDA:20,49,0,0
BRDA:20,49,1,0
BRDA:20,50,0,0
BRDA:20,50,1,0
BRDA:20,50,2,0
BRDA:21,51,0,0
BRDA:21,51,1,0
BRDA:21,52,0,0
BRDA:21,52,1,0
BRDA:23,53,0,0
BRDA:23,53,1,0
BRDA:23,54,0,0
BRDA:23,54,1,0
BRDA:24,55,0,0
BRDA:24,55,1,0
BRDA:24,56,0,0
BRDA:24,56,1,0
BRDA:24,56,2,0
BRDA:24,57,0,0
BRDA:24,57,1,0
BRDA:24,58,0,0
BRDA:24,58,1,0
BRDA:25,59,0,0
BRDA:25,59,1,0
BRDA:25,60,0,0
BRDA:25,60,1,0
BRDA:26,61,0,0
BRDA:26,61,1,0
BRDA:26,62,0,0
BRDA:26,62,1,0
BRDA:26,63,0,0
BRDA:26,63,1,0
BRDA:26,64,0,0
BRDA:26,64,1,0
BRDA:27,65,0,0
BRDA:27,65,1,0
BRDA:27,66,0,0
BRDA:27,66,1,0
BRDA:27,66,2,0
BRDA:27,67,0,0
BRDA:27,67,1,0
BRDA:28,68,0,0
BRDA:28,68,1,0
BRDA:28,69,0,0
BRDA:28,69,1,0
BRDA:28,69,2,0
BRDA:30,70,0,0
BRDA:30,70,1,0
BRDA:30,71,0,0
BRDA:30,71,1,0
BRDA:30,72,0,0
BRDA:30,72,1,0
BRDA:30,73,0,0
BRDA:30,73,1,0
BRDA:30,74,0,0
BRDA:30,74,1,0
BRDA:30,74,2,0
BRDA:30,74,3,0
BRDA:33,75,0,0
BRDA:33,75,1,0
BRDA:33,76,0,0
BRDA:33,76,1,0
BRDA:33,77,0,0
BRDA:33,77,1,0
BRDA:33,78,0,0
BRDA:33,78,1,0
BRDA:33,79,0,0
BRDA:33,79,1,0
BRDA:33,80,0,0
BRDA:33,80,1,0
BRDA:35,81,0,0
BRDA:35,81,1,0
BRDA:35,82,0,0
BRDA:35,82,1,0
BRDA:36,83,0,0
BRDA:36,83,1,0
BRDA:36,84,0,0
BRDA:36,84,1,0
BRDA:36,84,2,0
BRDA:37,85,0,0
BRDA:37,85,1,0
BRF:180
BRH:0
end_of_record
TN:
SF:c:\nodeapps\node_microsrv\email-templates\config.js
FNF:0
FNH:0
DA:1,0
LF:1
LH:0
BRF:0
BRH:0
end_of_record
TN:
SF:c:\nodeapps\node_microsrv\email-templates\examples\sendgrid.js
FNF:0
FNH:0
DA:1,0
DA:2,0
DA:3,0
DA:5,0
DA:11,0
DA:20,0
LF:6
LH:0
BRF:0
BRH:0
end_of_record
TN:
SF:c:\nodeapps\node_microsrv\email-templates\src\index.js
FN:18,(anonymous_0)
FN:19,(anonymous_1)
FN:20,(anonymous_2)
FN:32,(anonymous_3)
FN:115,(anonymous_4)
FN:120,(anonymous_5)
FN:135,(anonymous_6)
FN:150,(anonymous_7)
FN:190,(anonymous_8)
FN:255,(anonymous_9)
FNF:10
FNH:0
FNDA:0,(anonymous_0)
FNDA:0,(anonymous_1)
FNDA:0,(anonymous_2)
FNDA:0,(anonymous_3)
FNDA:0,(anonymous_4)
FNDA:0,(anonymous_5)
FNDA:0,(anonymous_6)
FNDA:0,(anonymous_7)
FNDA:0,(anonymous_8)
FNDA:0,(anonymous_9)
DA:1,0
DA:2,0
DA:3,0
DA:4,0
DA:5,0
DA:6,0
DA:7,0
DA:8,0
DA:9,0
DA:10,0
DA:11,0
DA:12,0
DA:13,0
DA:15,0
DA:18,0
DA:19,0
DA:20,0
DA:21,0
DA:22,0
DA:27,0
DA:28,0
DA:29,0
DA:33,0
DA:36,0
DA:37,0
DA:38,0
DA:40,0
DA:41,0
DA:42,0
DA:44,0
DA:45,0
DA:48,0
DA:103,0
DA:105,0
DA:106,0
DA:108,0
DA:110,0
DA:116,0
DA:121,0
DA:124,0
DA:129,0
DA:130,0
DA:136,0
DA:137,0
DA:138,0
DA:139,0
DA:140,0
DA:142,0
DA:143,0
DA:151,0
DA:152,0
DA:153,0
DA:154,0
DA:155,0
DA:157,0
DA:158,0
DA:159,0
DA:160,0
DA:164,0
DA:165,0
DA:173,0
DA:174,0
DA:176,0
DA:179,0
DA:183,0
DA:184,0
DA:185,0
DA:191,0
DA:192,0
DA:193,0
DA:195,0
DA:196,0
DA:206,0
DA:207,0
DA:211,0
DA:214,0
DA:215,0
DA:217,0
DA:218,0
DA:220,0
DA:221,0
DA:226,0
DA:230,0
DA:236,0
DA:241,0
DA:248,0
DA:252,0
DA:256,0
DA:265,0
DA:268,0
DA:270,0
DA:275,0
DA:277,0
DA:279,0
DA:280,0
DA:281,0
DA:284,0
DA:287,0
DA:289,0
DA:290,0
DA:291,0
DA:292,0
DA:293,0
DA:296,0
DA:297,0
DA:300,0
DA:305,0
DA:306,0
DA:307,0
DA:308,0
DA:312,0
LF:111
LH:0
BRDA:21,0,0,0
BRDA:21,0,1,0
BRDA:27,1,0,0
BRDA:27,1,1,0
BRDA:32,2,0,0
BRDA:36,3,0,0
BRDA:36,3,1,0
BRDA:40,4,0,0
BRDA:40,4,1,0
BRDA:44,5,0,0
BRDA:44,5,1,0
BRDA:105,6,0,0
BRDA:105,6,1,0
BRDA:121,7,0,0
BRDA:121,7,1,0
BRDA:139,8,0,0
BRDA:139,8,1,0
BRDA:150,9,0,0
BRDA:153,10,0,0
BRDA:153,10,1,0
BRDA:153,11,0,0
BRDA:153,11,1,0
BRDA:157,12,0,0
BRDA:157,12,1,0
BRDA:157,13,0,0
BRDA:157,13,1,0
BRDA:159,14,0,0
BRDA:159,14,1,0
BRDA:159,15,0,0
BRDA:159,15,1,0
BRDA:164,16,0,0
BRDA:164,16,1,0
BRDA:173,17,0,0
BRDA:173,17,1,0
BRDA:173,18,0,0
BRDA:173,18,1,0
BRDA:176,19,0,0
BRDA:176,19,1,0
BRDA:183,20,0,0
BRDA:183,20,1,0
BRDA:190,21,0,0
BRDA:190,22,0,0
BRDA:195,23,0,0
BRDA:195,23,1,0
BRDA:195,24,0,0
BRDA:195,24,1,0
BRDA:206,25,0,0
BRDA:206,25,1,0
BRDA:206,26,0,0
BRDA:206,26,1,0
BRDA:214,27,0,0
BRDA:214,27,1,0
BRDA:214,28,0,0
BRDA:214,28,1,0
BRDA:217,29,0,0
BRDA:217,29,1,0
BRDA:217,30,0,0
BRDA:217,30,1,0
BRDA:220,31,0,0
BRDA:220,31,1,0
BRDA:220,32,0,0
BRDA:220,32,1,0
BRDA:226,33,0,0
BRDA:226,33,1,0
BRDA:226,34,0,0
BRDA:226,34,1,0
BRDA:226,34,2,0
BRDA:236,35,0,0
BRDA:236,35,1,0
BRDA:241,36,0,0
BRDA:241,36,1,0
BRDA:242,37,0,0
BRDA:242,37,1,0
BRDA:242,37,2,0
BRDA:242,37,3,0
BRDA:242,37,4,0
BRDA:255,38,0,0
BRDA:268,39,0,0
BRDA:268,39,1,0
BRDA:268,39,2,0
BRDA:277,40,0,0
BRDA:277,40,1,0
BRDA:289,41,0,0
BRDA:289,41,1,0
BRDA:291,42,0,0
BRDA:291,42,1,0
BRDA:296,43,0,0
BRDA:296,43,1,0
BRF:88
BRH:0
end_of_record
TN:
SF:c:\nodeapps\node_microsrv\email-templates\test\test.js
FN:12,(anonymous_0)
FN:28,(anonymous_1)
FN:32,(anonymous_2)
FN:52,(anonymous_3)
FN:62,(anonymous_4)
FN:72,(anonymous_5)
FN:104,(anonymous_6)
FN:125,(anonymous_7)
FN:146,(anonymous_8)
FN:177,(anonymous_9)
FN:207,(anonymous_10)
FN:247,(anonymous_11)
FN:277,(anonymous_12)
FN:305,(anonymous_13)
FN:331,(anonymous_14)
FN:347,(anonymous_15)
FN:367,(anonymous_16)
FN:369,(anonymous_17)
FN:405,(anonymous_18)
FN:438,(anonymous_19)
FN:470,(anonymous_20)
FN:493,(anonymous_21)
FN:522,(anonymous_22)
FN:552,(anonymous_23)
FN:582,(anonymous_24)
FN:614,(anonymous_25)
FN:644,(anonymous_26)
FN:665,(anonymous_27)
FN:689,(anonymous_28)
FNF:29
FNH:0
FNDA:0,(anonymous_0)
FNDA:0,(anonymous_1)
FNDA:0,(anonymous_2)
FNDA:0,(anonymous_3)
FNDA:0,(anonymous_4)
FNDA:0,(anonymous_5)
FNDA:0,(anonymous_6)
FNDA:0,(anonymous_7)
FNDA:0,(anonymous_8)
FNDA:0,(anonymous_9)
FNDA:0,(anonymous_10)
FNDA:0,(anonymous_11)
FNDA:0,(anonymous_12)
FNDA:0,(anonymous_13)
FNDA:0,(anonymous_14)
FNDA:0,(anonymous_15)
FNDA:0,(anonymous_16)
FNDA:0,(anonymous_17)
FNDA:0,(anonymous_18)
FNDA:0,(anonymous_19)
FNDA:0,(anonymous_20)
FNDA:0,(anonymous_21)
FNDA:0,(anonymous_22)
FNDA:0,(anonymous_23)
FNDA:0,(anonymous_24)
FNDA:0,(anonymous_25)
FNDA:0,(anonymous_26)
FNDA:0,(anonymous_27)
FNDA:0,(anonymous_28)
DA:1,0
DA:2,0
DA:3,0
DA:4,0
DA:5,0
DA:6,0
DA:8,0
DA:10,0
DA:12,0
DA:13,0
DA:22,0
DA:28,0
DA:29,0
DA:32,0
DA:33,0
DA:44,0
DA:47,0
DA:48,0
DA:49,0
DA:52,0
DA:53,0
DA:62,0
DA:63,0
DA:72,0
DA:73,0
DA:87,0
DA:96,0
DA:97,0
DA:98,0
DA:99,0
DA:100,0
DA:101,0
DA:104,0
DA:105,0
DA:115,0
DA:121,0
DA:122,0
DA:125,0
DA:126,0
DA:136,0
DA:137,0
DA:138,0
DA:139,0
DA:140,0
DA:141,0
DA:142,0
DA:143,0
DA:146,0
DA:147,0
DA:161,0
DA:170,0
DA:171,0
DA:172,0
DA:173,0
DA:174,0
DA:177,0
DA:178,0
DA:193,0
DA:202,0
DA:203,0
DA:204,0
DA:207,0
DA:208,0
DA:222,0
DA:231,0
DA:232,0
DA:233,0
DA:242,0
DA:243,0
DA:244,0
DA:247,0
DA:248,0
DA:249,0
DA:260,0
DA:268,0
DA:274,0
DA:277,0
DA:278,0
DA:290,0
DA:302,0
DA:305,0
DA:306,0
DA:318,0
DA:328,0
DA:331,0
DA:332,0
DA:340,0
DA:347,0
DA:348,0
DA:359,0
DA:364,0
DA:367,0
DA:368,0
DA:371,0
DA:372,0
DA:373,0
DA:374,0
DA:376,0
DA:378,0
DA:389,0
DA:399,0
DA:400,0
DA:401,0
DA:402,0
DA:405,0
DA:406,0
DA:421,0
DA:430,0
DA:431,0
DA:432,0
DA:433,0
DA:434,0
DA:435,0
DA:438,0
DA:439,0
DA:453,0
DA:462,0
DA:463,0
DA:464,0
DA:465,0
DA:466,0
DA:467,0
DA:470,0
DA:471,0
DA:485,0
DA:488,0
DA:489,0
DA:490,0
DA:493,0
DA:494,0
DA:508,0
DA:515,0
DA:516,0
DA:517,0
DA:518,0
DA:519,0
DA:522,0
DA:523,0
DA:537,0
DA:546,0
DA:547,0
DA:548,0
DA:549,0
DA:552,0
DA:553,0
DA:567,0
DA:576,0
DA:577,0
DA:578,0
DA:579,0
DA:582,0
DA:583,0
DA:599,0
DA:608,0
DA:609,0
DA:610,0
DA:611,0
DA:614,0
DA:615,0
DA:629,0
DA:639,0
DA:640,0
DA:641,0
DA:644,0
DA:645,0
DA:659,0
DA:662,0
DA:665,0
DA:666,0
DA:680,0
DA:686,0
DA:689,0
DA:690,0
DA:704,0
DA:710,0
LF:175
LH:0
BRDA:371,0,0,0
BRDA:371,0,1,0
BRDA:373,1,0,0
BRDA:373,1,1,0
BRF:4
BRH:0
end_of_record
TN:
SF:c:\nodeapps\node_microsrv\moleculer-docker-development\moleculer.config.js
FN:24,(anonymous_0)
FN:49,(anonymous_1)
FNF:2
FNH:0
FNDA:0,(anonymous_0)
FNDA:0,(anonymous_1)
DA:4,0
DA:24,0
DA:49,0
LF:3
LH:0
BRDA:24,0,0,0
BRDA:24,0,1,0
BRDA:49,1,0,0
BRDA:49,1,1,0
BRF:4
BRH:0
end_of_record
TN:
SF:c:\nodeapps\node_microsrv\moleculer-docker-development\services\api.service.js
FNF:0
FNH:0
DA:3,0
DA:5,0
LF:2
LH:0
BRDA:11,0,0,0
BRDA:11,0,1,0
BRF:2
BRH:0
end_of_record
TN:
SF:c:\nodeapps\node_microsrv\moleculer-docker-development\services\serviceone.service.js
FNF:0
FNH:0
DA:4,0
DA:25,0
LF:2
LH:0
BRF:0
BRH:0
end_of_record
TN:
SF:c:\nodeapps\node_microsrv\moleculer-docker-development\services\servicetwo.service.js
FNF:0
FNH:0
DA:4,0
DA:25,0
LF:2
LH:0
BRF:0
BRH:0
end_of_record
